<?xml version="1.0" encoding="UTF-8"?>
<!-- Generated by org.testng.reporters.JUnitReportReporter -->
<testsuite hostname="Akshay" failures="0" tests="1" name="framework.testCases.TC01_LoginSuccess" time="5.366" errors="0" timestamp="2024-12-07T21:53:06 IST" skipped="0">
  <testcase classname="framework.testCases.TC01_LoginSuccess" name="Login" time="5.366"/>
</testsuite> <!-- framework.testCases.TC01_LoginSuccess -->
