<?xml version="1.0" encoding="UTF-8"?>
<!-- Generated by org.testng.reporters.JUnitReportReporter -->
<testsuite hostname="Akshay" failures="0" tests="1" name="framework.testCases.Check" time="0.012" errors="0" timestamp="2024-12-08T20:55:36 IST" skipped="0">
  <testcase classname="framework.testCases.Check" name="checkTest" time="0.012"/>
</testsuite> <!-- framework.testCases.Check -->
