<?xml version="1.0" encoding="UTF-8"?>
<!-- Generated by org.testng.reporters.JUnitReportReporter -->
<testsuite hostname="Akshay" failures="0" tests="1" name="framework.testCases.TC_01_CreateAccount" time="9.861" errors="0" timestamp="2024-12-09T22:00:43 IST" skipped="0">
  <testcase classname="framework.testCases.TC_01_CreateAccount" name="CreateAccount" time="9.861"/>
</testsuite> <!-- framework.testCases.TC_01_CreateAccount -->
