<?xml version="1.0" encoding="UTF-8"?>
<!-- Generated by org.testng.reporters.JUnitReportReporter -->
<testsuite hostname="Akshay" failures="0" tests="1" name="framework.testCases.TCSignInWithValid02" time="9.551" errors="0" timestamp="2024-12-09T23:27:14 IST" skipped="0">
  <testcase classname="framework.testCases.TCSignInWithValid02" name="signInWithCorrect" time="9.551"/>
</testsuite> <!-- framework.testCases.TCSignInWithValid02 -->
